<?xml version="1.0" encoding="UTF-8"?>
<!-- Generated by org.testng.reporters.JUnitXMLReporter -->
<testsuite ignored="0" hostname="DESKTOP-I6MKJFC" failures="1" tests="3" name="Test" time="0.128" errors="0" timestamp="2022-10-04T13:49:23 GMT-04:00">
  <testcase classname="testngPackage.ListenerTest" name="test1" time="0.024"/>
  <testcase classname="testngPackage.ListenerTest" name="test2" time="0.002">
    <skipped/>
  </testcase> <!-- test2 -->
  <testcase classname="testngPackage.ListenerTest" name="test3" time="0.004">
    <failure type="java.lang.AssertionError" message="expected [false] but found [true]">
      <![CDATA[java.lang.AssertionError: expected [false] but found [true]
at testngPackage.ListenerTest.test3(ListenerTest.java:21)
at java.base/java.util.ArrayList.forEach(ArrayList.java:1541)
... Removed 33 stack frames]]>
    </failure>
  </testcase> <!-- test3 -->
</testsuite> <!-- Test -->
