<?xml version="1.0" encoding="UTF-8"?>
<testng-results ignored="0" total="1" passed="1" failed="0" skipped="0">
  <reporter-output>
  </reporter-output>
  <suite started-at="2022-08-17T09:39:12 GMT-04:00" name="Default suite" finished-at="2022-08-17T09:39:58 GMT-04:00" duration-ms="46601">
    <groups>
    </groups>
    <test started-at="2022-08-17T09:39:12 GMT-04:00" name="Default test" finished-at="2022-08-17T09:39:58 GMT-04:00" duration-ms="46601">
      <class name="example.NewTest">
        <test-method is-config="true" signature="beforeTest()[pri:0, instance:example.NewTest@2ed2d9cb]" started-at="2022-08-17T09:39:12 GMT-04:00" name="beforeTest" finished-at="2022-08-17T09:39:28 GMT-04:00" duration-ms="16183" status="PASS">
          <reporter-output>
          </reporter-output>
        </test-method> <!-- beforeTest -->
        <test-method signature="testEasy()[pri:0, instance:example.NewTest@2ed2d9cb]" started-at="2022-08-17T09:39:28 GMT-04:00" name="testEasy" finished-at="2022-08-17T09:39:57 GMT-04:00" duration-ms="29252" status="PASS">
          <reporter-output>
          </reporter-output>
        </test-method> <!-- testEasy -->
        <test-method is-config="true" signature="afterTest()[pri:0, instance:example.NewTest@2ed2d9cb]" started-at="2022-08-17T09:39:57 GMT-04:00" name="afterTest" finished-at="2022-08-17T09:39:58 GMT-04:00" duration-ms="1084" status="PASS">
          <reporter-output>
          </reporter-output>
        </test-method> <!-- afterTest -->
      </class> <!-- example.NewTest -->
    </test> <!-- Default test -->
  </suite> <!-- Default suite -->
</testng-results>
