<?xml version="1.0" encoding="UTF-8"?>
<!-- Generated by org.testng.reporters.JUnitXMLReporter -->
<testsuite ignored="0" hostname="DESKTOP-I6MKJFC" failures="0" tests="4" name="Default test" time="109.8" errors="0" timestamp="2022-09-11T00:34:46 GMT-04:00">
  <testcase classname="seleniumPackage.LoginPage" name="loginDetails" time="5.11"/>
  <testcase classname="seleniumPackage.LoginPage" name="coursesSearch" time="17.778"/>
  <testcase classname="seleniumPackage.LoginPage" name="dashboardPage" time="13.212"/>
  <testcase classname="seleniumPackage.LoginPage" name="courseOption" time="57.679"/>
</testsuite> <!-- Default test -->
