<?xml version="1.0" encoding="UTF-8"?>
<!-- Generated by org.testng.reporters.JUnitXMLReporter -->
<testsuite ignored="0" hostname="DESKTOP-I6MKJFC" failures="0" tests="3" name="Default test" time="37.497" errors="0" timestamp="2022-09-21T13:48:08 GMT-04:00">
  <testcase classname="testngPackage.DataProviderClass" name="checking" time="13.581"/>
  <testcase classname="testngPackage.DataProviderClass" name="checking" time="6.385"/>
  <testcase classname="testngPackage.DataProviderClass" name="checking" time="17.423"/>
</testsuite> <!-- Default test -->
