<?xml version="1.0" encoding="UTF-8"?>
<testng-results ignored="0" total="2" passed="2" failed="0" skipped="0">
  <reporter-output>
  </reporter-output>
  <suite started-at="2022-09-20T12:13:21 GMT-04:00" name="Default suite" finished-at="2022-09-20T12:13:23 GMT-04:00" duration-ms="2152">
    <groups>
    </groups>
    <test started-at="2022-09-20T12:13:21 GMT-04:00" name="Default test" finished-at="2022-09-20T12:13:23 GMT-04:00" duration-ms="2152">
      <class name="testngPackage.TimeOutClass">
        <test-method signature="simplePrint()[pri:0, instance:testngPackage.TimeOutClass@a3d8174]" started-at="2022-09-20T12:13:21 GMT-04:00" name="simplePrint" finished-at="2022-09-20T12:13:21 GMT-04:00" duration-ms="27" status="PASS">
          <reporter-output>
          </reporter-output>
        </test-method> <!-- simplePrint -->
        <test-method signature="waitFor2Seconds()[pri:0, instance:testngPackage.TimeOutClass@a3d8174]" started-at="2022-09-20T12:13:21 GMT-04:00" name="waitFor2Seconds" finished-at="2022-09-20T12:13:23 GMT-04:00" duration-ms="2017" status="PASS">
          <reporter-output>
          </reporter-output>
        </test-method> <!-- waitFor2Seconds -->
      </class> <!-- testngPackage.TimeOutClass -->
    </test> <!-- Default test -->
  </suite> <!-- Default suite -->
</testng-results>
