<?xml version="1.0" encoding="UTF-8"?>
<testng-results ignored="0" total="1" passed="1" failed="0" skipped="0">
  <reporter-output>
  </reporter-output>
  <suite started-at="2022-08-30T09:08:59 GMT-04:00" name="Default suite" finished-at="2022-08-30T09:10:35 GMT-04:00" duration-ms="95439">
    <groups>
    </groups>
    <test started-at="2022-08-30T09:08:59 GMT-04:00" name="Default test" finished-at="2022-08-30T09:10:35 GMT-04:00" duration-ms="95439">
      <class name="testngPackage.TestClass">
        <test-method signature="OpeningBrowser()[pri:0, instance:testngPackage.TestClass@5f9b2141]" started-at="2022-08-30T09:08:59 GMT-04:00" name="OpeningBrowser" finished-at="2022-08-30T09:10:35 GMT-04:00" duration-ms="95383" status="PASS">
          <reporter-output>
          </reporter-output>
        </test-method> <!-- OpeningBrowser -->
      </class> <!-- testngPackage.TestClass -->
    </test> <!-- Default test -->
  </suite> <!-- Default suite -->
</testng-results>
